<?xml version="1.0" encoding="UTF-8"?>
<testsuite xmlns:xsi="http://www.w3.org/2001/XMLSchema-instance" xsi:noNamespaceSchemaLocation="https://maven.apache.org/surefire/maven-surefire-plugin/xsd/surefire-test-report-3.0.xsd" version="3.0" name="TestSuite" time="25.645" tests="7" errors="0" skipped="0" failures="1">
  <properties>
    <property name="sun.desktop" value="windows"/>
    <property name="awt.toolkit" value="sun.awt.windows.WToolkit"/>
    <property name="file.encoding.pkg" value="sun.io"/>
    <property name="java.specification.version" value="1.8"/>
    <property name="webdriver.chrome.driver" value="./drivers/chromedriver.exe"/>
    <property name="sun.cpu.isalist" value="amd64"/>
    <property name="sun.jnu.encoding" value="Cp1252"/>
    <property name="java.class.path" value="C:\Users\fakhr\eclipse-workspace-2\MavenProjectSep2021\target\test-classes;C:\Users\fakhr\eclipse-workspace-2\MavenProjectSep2021\target\classes;C:\Users\fakhr\.m2\repository\junit\junit\3.8.1\junit-3.8.1.jar;C:\Users\fakhr\.m2\repository\org\seleniumhq\selenium\selenium-java\3.141.59\selenium-java-3.141.59.jar;C:\Users\fakhr\.m2\repository\org\seleniumhq\selenium\selenium-api\3.141.59\selenium-api-3.141.59.jar;C:\Users\fakhr\.m2\repository\org\seleniumhq\selenium\selenium-chrome-driver\3.141.59\selenium-chrome-driver-3.141.59.jar;C:\Users\fakhr\.m2\repository\org\seleniumhq\selenium\selenium-edge-driver\3.141.59\selenium-edge-driver-3.141.59.jar;C:\Users\fakhr\.m2\repository\org\seleniumhq\selenium\selenium-firefox-driver\3.141.59\selenium-firefox-driver-3.141.59.jar;C:\Users\fakhr\.m2\repository\org\seleniumhq\selenium\selenium-ie-driver\3.141.59\selenium-ie-driver-3.141.59.jar;C:\Users\fakhr\.m2\repository\org\seleniumhq\selenium\selenium-opera-driver\3.141.59\selenium-opera-driver-3.141.59.jar;C:\Users\fakhr\.m2\repository\org\seleniumhq\selenium\selenium-remote-driver\3.141.59\selenium-remote-driver-3.141.59.jar;C:\Users\fakhr\.m2\repository\org\seleniumhq\selenium\selenium-safari-driver\3.141.59\selenium-safari-driver-3.141.59.jar;C:\Users\fakhr\.m2\repository\org\seleniumhq\selenium\selenium-support\3.141.59\selenium-support-3.141.59.jar;C:\Users\fakhr\.m2\repository\net\bytebuddy\byte-buddy\1.8.15\byte-buddy-1.8.15.jar;C:\Users\fakhr\.m2\repository\org\apache\commons\commons-exec\1.3\commons-exec-1.3.jar;C:\Users\fakhr\.m2\repository\com\google\guava\guava\25.0-jre\guava-25.0-jre.jar;C:\Users\fakhr\.m2\repository\com\google\code\findbugs\jsr305\1.3.9\jsr305-1.3.9.jar;C:\Users\fakhr\.m2\repository\org\checkerframework\checker-compat-qual\2.0.0\checker-compat-qual-2.0.0.jar;C:\Users\fakhr\.m2\repository\com\google\errorprone\error_prone_annotations\2.1.3\error_prone_annotations-2.1.3.jar;C:\Users\fakhr\.m2\repository\com\google\j2objc\j2objc-annotations\1.1\j2objc-annotations-1.1.jar;C:\Users\fakhr\.m2\repository\org\codehaus\mojo\animal-sniffer-annotations\1.14\animal-sniffer-annotations-1.14.jar;C:\Users\fakhr\.m2\repository\com\squareup\okhttp3\okhttp\3.11.0\okhttp-3.11.0.jar;C:\Users\fakhr\.m2\repository\com\squareup\okio\okio\1.14.0\okio-1.14.0.jar;C:\Users\fakhr\.m2\repository\org\testng\testng\7.4.0\testng-7.4.0.jar;C:\Users\fakhr\.m2\repository\com\beust\jcommander\1.78\jcommander-1.78.jar;C:\Users\fakhr\.m2\repository\org\webjars\jquery\3.5.1\jquery-3.5.1.jar;C:\Users\fakhr\.m2\repository\org\apache\logging\log4j\log4j-core\2.14.1\log4j-core-2.14.1.jar;C:\Users\fakhr\.m2\repository\org\apache\logging\log4j\log4j-api\2.14.1\log4j-api-2.14.1.jar;"/>
    <property name="java.vm.vendor" value="Oracle Corporation"/>
    <property name="sun.arch.data.model" value="64"/>
    <property name="user.variant" value=""/>
    <property name="java.vendor.url" value="http://java.oracle.com/"/>
    <property name="user.timezone" value="America/New_York"/>
    <property name="java.vm.specification.version" value="1.8"/>
    <property name="os.name" value="Windows 10"/>
    <property name="user.country" value="IN"/>
    <property name="sun.java.launcher" value="SUN_STANDARD"/>
    <property name="sun.boot.library.path" value="C:\Program Files\Java\jdk1.8.0_251\jre\bin"/>
    <property name="sun.java.command" value="C:\Users\fakhr\AppData\Local\Temp\surefire894639718221802107\surefirebooter8640078557714946036.jar C:\Users\fakhr\AppData\Local\Temp\surefire894639718221802107 2021-10-10T15-50-33_845-jvmRun1 surefire2349642224317108505tmp surefire_07575445610242820246tmp"/>
    <property name="surefire.test.class.path" value="C:\Users\fakhr\eclipse-workspace-2\MavenProjectSep2021\target\test-classes;C:\Users\fakhr\eclipse-workspace-2\MavenProjectSep2021\target\classes;C:\Users\fakhr\.m2\repository\junit\junit\3.8.1\junit-3.8.1.jar;C:\Users\fakhr\.m2\repository\org\seleniumhq\selenium\selenium-java\3.141.59\selenium-java-3.141.59.jar;C:\Users\fakhr\.m2\repository\org\seleniumhq\selenium\selenium-api\3.141.59\selenium-api-3.141.59.jar;C:\Users\fakhr\.m2\repository\org\seleniumhq\selenium\selenium-chrome-driver\3.141.59\selenium-chrome-driver-3.141.59.jar;C:\Users\fakhr\.m2\repository\org\seleniumhq\selenium\selenium-edge-driver\3.141.59\selenium-edge-driver-3.141.59.jar;C:\Users\fakhr\.m2\repository\org\seleniumhq\selenium\selenium-firefox-driver\3.141.59\selenium-firefox-driver-3.141.59.jar;C:\Users\fakhr\.m2\repository\org\seleniumhq\selenium\selenium-ie-driver\3.141.59\selenium-ie-driver-3.141.59.jar;C:\Users\fakhr\.m2\repository\org\seleniumhq\selenium\selenium-opera-driver\3.141.59\selenium-opera-driver-3.141.59.jar;C:\Users\fakhr\.m2\repository\org\seleniumhq\selenium\selenium-remote-driver\3.141.59\selenium-remote-driver-3.141.59.jar;C:\Users\fakhr\.m2\repository\org\seleniumhq\selenium\selenium-safari-driver\3.141.59\selenium-safari-driver-3.141.59.jar;C:\Users\fakhr\.m2\repository\org\seleniumhq\selenium\selenium-support\3.141.59\selenium-support-3.141.59.jar;C:\Users\fakhr\.m2\repository\net\bytebuddy\byte-buddy\1.8.15\byte-buddy-1.8.15.jar;C:\Users\fakhr\.m2\repository\org\apache\commons\commons-exec\1.3\commons-exec-1.3.jar;C:\Users\fakhr\.m2\repository\com\google\guava\guava\25.0-jre\guava-25.0-jre.jar;C:\Users\fakhr\.m2\repository\com\google\code\findbugs\jsr305\1.3.9\jsr305-1.3.9.jar;C:\Users\fakhr\.m2\repository\org\checkerframework\checker-compat-qual\2.0.0\checker-compat-qual-2.0.0.jar;C:\Users\fakhr\.m2\repository\com\google\errorprone\error_prone_annotations\2.1.3\error_prone_annotations-2.1.3.jar;C:\Users\fakhr\.m2\repository\com\google\j2objc\j2objc-annotations\1.1\j2objc-annotations-1.1.jar;C:\Users\fakhr\.m2\repository\org\codehaus\mojo\animal-sniffer-annotations\1.14\animal-sniffer-annotations-1.14.jar;C:\Users\fakhr\.m2\repository\com\squareup\okhttp3\okhttp\3.11.0\okhttp-3.11.0.jar;C:\Users\fakhr\.m2\repository\com\squareup\okio\okio\1.14.0\okio-1.14.0.jar;C:\Users\fakhr\.m2\repository\org\testng\testng\7.4.0\testng-7.4.0.jar;C:\Users\fakhr\.m2\repository\com\beust\jcommander\1.78\jcommander-1.78.jar;C:\Users\fakhr\.m2\repository\org\webjars\jquery\3.5.1\jquery-3.5.1.jar;C:\Users\fakhr\.m2\repository\org\apache\logging\log4j\log4j-core\2.14.1\log4j-core-2.14.1.jar;C:\Users\fakhr\.m2\repository\org\apache\logging\log4j\log4j-api\2.14.1\log4j-api-2.14.1.jar;"/>
    <property name="sun.cpu.endian" value="little"/>
    <property name="user.home" value="C:\Users\fakhr"/>
    <property name="user.language" value="en"/>
    <property name="java.specification.vendor" value="Oracle Corporation"/>
    <property name="java.home" value="C:\Program Files\Java\jdk1.8.0_251\jre"/>
    <property name="basedir" value="C:\Users\fakhr\eclipse-workspace-2\MavenProjectSep2021"/>
    <property name="file.separator" value="\"/>
    <property name="line.separator" value="&#10;"/>
    <property name="java.vm.specification.vendor" value="Oracle Corporation"/>
    <property name="java.specification.name" value="Java Platform API Specification"/>
    <property name="java.awt.graphicsenv" value="sun.awt.Win32GraphicsEnvironment"/>
    <property name="surefire.real.class.path" value="C:\Users\fakhr\AppData\Local\Temp\surefire894639718221802107\surefirebooter8640078557714946036.jar"/>
    <property name="sun.boot.class.path" value="C:\Program Files\Java\jdk1.8.0_251\jre\lib\resources.jar;C:\Program Files\Java\jdk1.8.0_251\jre\lib\rt.jar;C:\Program Files\Java\jdk1.8.0_251\jre\lib\sunrsasign.jar;C:\Program Files\Java\jdk1.8.0_251\jre\lib\jsse.jar;C:\Program Files\Java\jdk1.8.0_251\jre\lib\jce.jar;C:\Program Files\Java\jdk1.8.0_251\jre\lib\charsets.jar;C:\Program Files\Java\jdk1.8.0_251\jre\lib\jfr.jar;C:\Program Files\Java\jdk1.8.0_251\jre\classes"/>
    <property name="user.script" value=""/>
    <property name="sun.management.compiler" value="HotSpot 64-Bit Tiered Compilers"/>
    <property name="java.runtime.version" value="1.8.0_251-b08"/>
    <property name="user.name" value="fakhr"/>
    <property name="path.separator" value=";"/>
    <property name="os.version" value="10.0"/>
    <property name="java.endorsed.dirs" value="C:\Program Files\Java\jdk1.8.0_251\jre\lib\endorsed"/>
    <property name="java.runtime.name" value="Java(TM) SE Runtime Environment"/>
    <property name="file.encoding" value="Cp1252"/>
    <property name="java.vm.name" value="Java HotSpot(TM) 64-Bit Server VM"/>
    <property name="localRepository" value="C:\Users\fakhr\.m2\repository"/>
    <property name="java.vendor.url.bug" value="http://bugreport.sun.com/bugreport/"/>
    <property name="java.io.tmpdir" value="C:\Users\fakhr\AppData\Local\Temp\"/>
    <property name="java.version" value="1.8.0_251"/>
    <property name="user.dir" value="C:\Users\fakhr\eclipse-workspace-2\MavenProjectSep2021"/>
    <property name="os.arch" value="amd64"/>
    <property name="java.vm.specification.name" value="Java Virtual Machine Specification"/>
    <property name="java.awt.printerjob" value="sun.awt.windows.WPrinterJob"/>
    <property name="sun.os.patch.level" value=""/>
    <property name="java.library.path" value="C:\Program Files\Java\jdk1.8.0_251\jre\bin;C:\WINDOWS\Sun\Java\bin;C:\WINDOWS\system32;C:\WINDOWS;C:\Program Files\Java\jdk-16.0.1\bin;C:\Program Files\Java\jdk1.8.0_251\bin;C:\Program Files\Java\jre1.8.0_251\bin;C:\Perl64\site\bin;C:\Perl64\bin;%TRICENTIS_HOME%;C:\Program Files (x86)\TRICENTIS\RPA Studio\TBox\\Resources\Mobile\Tools;C:\Users\fakhr\AppData\Local\Programs\Python\Python38;C:\Program Files (x86)\Common Files\Oracle\Java\javapath;C:\Users\fakhr\AppData\Local\Programs\Python\Python38\Scripts;C:\Users\fakhr\AppData\Local\Programs\Python\Python38\Lib\site-packages;C:\Users\fakhr\AppData\Local\Programs\Python\Python38\Lib;C:\Program Files (x86)\Intel\Intel(R) Management Engine Components\iCLS\;C:\Program Files\Intel\Intel(R) Management Engine Components\iCLS\;C:\WINDOWS\system32;C:\WINDOWS;C:\WINDOWS\System32\Wbem;C:\WINDOWS\System32\WindowsPowerShell\v1.0\;C:\Program Files (x86)\Intel\Intel(R) Management Engine Components\DAL;C:\Program Files\Intel\Intel(R) Management Engine Components\DAL;C:\Program Files (x86)\Intel\Intel(R) Management Engine Components\IPT;C:\Program Files\Intel\Intel(R) Management Engine Components\IPT;C:\WINDOWS\System32\OpenSSH\;C:\Users\fakhr\AppData\Local\Android\Sdk\platform-tools;C:\Program Files\TortoiseGit\bin;C:\WINDOWS\system32\config\systemprofile\.dnx\bin;C:\Program Files\Microsoft DNX\Dnvm\;C:\Program Files\Microsoft SQL Server\130\Tools\Binn\;C:\Program Files (x86)\Windows Kits\10\Windows Performance Toolkit\;C:\Program Files\Microsoft VS Code\bin;%ANDROID_HOME%\tools\bin;%ANDROID_HOME%\platform-tools;%ANDROID_HOME%\tools;C:\Program Files\SmartBear\SoapUI-5.5.0\bin;C:\Program Files\Git\cmd;C:\Program Files\dotnet\;C:\Program Files (x86)\Jenkins;C:\Program Files\Java\jdk-16.0.1\bin;C:\Program Files\Common Files\Oracle\Java\javapath;C:\Program Files\nodejs\;C:\Users\fakhr\Downloads\apache-maven-3.8.3-bin\apache-maven-3.8.3\bin;C:\Users\fakhr\AppData\Local\Microsoft\WindowsApps;C:\Users\fakhr\AppData\Local\Microsoft\WindowsApps;C:\Program Files\Docker Toolbox;C:\Users\fakhr\AppData\Local\Programs\Microsoft VS Code\bin;C:\Users\fakhr\Downloads\apache-maven-3.6.3-bin (2)\apache-maven-3.6.3\bin;C:\Users\fakhr\AppData\Roaming\npm;;."/>
    <property name="java.vm.info" value="mixed mode"/>
    <property name="java.vendor" value="Oracle Corporation"/>
    <property name="java.vm.version" value="25.251-b08"/>
    <property name="java.ext.dirs" value="C:\Program Files\Java\jdk1.8.0_251\jre\lib\ext;C:\WINDOWS\Sun\Java\lib\ext"/>
    <property name="sun.io.unicode.encoding" value="UnicodeLittle"/>
    <property name="java.class.version" value="52.0"/>
  </properties>
  <testcase name="LoginSuccess_001" classname="testcases.LoginFeature" time="1.61">
    <system-out><![CDATA[[TestNGContentHandler] [WARN] It is strongly recommended to add "<!DOCTYPE suite SYSTEM "https://testng.org/testng-1.0.dtd" >" at the top of the suite file [C:\Users\fakhr\eclipse-workspace-2\MavenProjectSep2021\testNG.xml] otherwise TestNG may fail or not work as expected.
On start: Suite - org.testng.SuiteRunner@6acdbdf5
On start: all method - [Lorg.testng.ITestNGMethod;@4b1c1ea0
On start: Instance Name - C:\Users\fakhr\eclipse-workspace-2\MavenProjectSep2021\target\surefire-reports\Suite
On start: Instance Name - []
URL:https://opensource-demo.orangehrmlive.com/
URL:https://opensource-demo.orangehrmlive.com/
onTestStart: Instance Name - testcases.LoginFeature
onTestStart: Instance Name - null
Before Find By:By.id: txtUsername
After Find By:By.id: txtUsername
Before change Value of:[[ChromeDriver: chrome on WINDOWS (b7711a4bdbcfd96789b89e22b1ef68b4)] -> id: txtUsername]-null
after Change Value of:[[ChromeDriver: chrome on WINDOWS (b7711a4bdbcfd96789b89e22b1ef68b4)] -> id: txtUsername]-null
Before Find By:By.id: txtUsername
After Find By:By.id: txtUsername
Before change Value of:[[ChromeDriver: chrome on WINDOWS (b7711a4bdbcfd96789b89e22b1ef68b4)] -> id: txtUsername]-[Ljava.lang.CharSequence;@b86de0d
after Change Value of:[[ChromeDriver: chrome on WINDOWS (b7711a4bdbcfd96789b89e22b1ef68b4)] -> id: txtUsername]-[Ljava.lang.CharSequence;@b86de0d
Before Find By:By.name: txtPassword
After Find By:By.name: txtPassword
Before change Value of:[[ChromeDriver: chrome on WINDOWS (b7711a4bdbcfd96789b89e22b1ef68b4)] -> name: txtPassword]-null
after Change Value of:[[ChromeDriver: chrome on WINDOWS (b7711a4bdbcfd96789b89e22b1ef68b4)] -> name: txtPassword]-null
Before Find By:By.name: txtPassword
After Find By:By.name: txtPassword
Before change Value of:[[ChromeDriver: chrome on WINDOWS (b7711a4bdbcfd96789b89e22b1ef68b4)] -> name: txtPassword]-[Ljava.lang.CharSequence;@26adfd2d
after Change Value of:[[ChromeDriver: chrome on WINDOWS (b7711a4bdbcfd96789b89e22b1ef68b4)] -> name: txtPassword]-[Ljava.lang.CharSequence;@26adfd2d
Before Find By:By.xpath: //*[@value='LOGIN']
After Find By:By.xpath: //*[@value='LOGIN']
Before click:[[ChromeDriver: chrome on WINDOWS (b7711a4bdbcfd96789b89e22b1ef68b4)] -> xpath: //*[@value='LOGIN']]
After Click:[[ChromeDriver: chrome on WINDOWS (b7711a4bdbcfd96789b89e22b1ef68b4)] -> xpath: //*[@value='LOGIN']]
Before Find By:By.id: welcome
After Find By:By.id: welcome
Before Find By:By.id: welcome
After Find By:By.id: welcome
onTestSuccess: Instance Name - testcases.LoginFeature
onTestSuccess: Instance Name - 1
]]></system-out>
    <system-err><![CDATA[Starting ChromeDriver 94.0.4606.61 (418b78f5838ed0b1c69bb4e51ea0252171854915-refs/branch-heads/4606@{#1204}) on port 14840
Only local connections are allowed.
Please see https://chromedriver.chromium.org/security-considerations for suggestions on keeping ChromeDriver safe.
ChromeDriver was started successfully.
Oct 10, 2021 3:50:39 PM org.openqa.selenium.remote.ProtocolHandshake createSession
INFO: Detected dialect: W3C
]]></system-err>
  </testcase>
  <testcase name="LoginUnsuccessful_002" classname="testcases.LoginFeature" time="0.767">
    <system-out><![CDATA[URL:https://opensource-demo.orangehrmlive.com/
URL:https://opensource-demo.orangehrmlive.com/
onTestStart: Instance Name - testcases.LoginFeature
onTestStart: Instance Name - null
Before Find By:By.id: txtUsername
After Find By:By.id: txtUsername
Before change Value of:[[ChromeDriver: chrome on WINDOWS (ecfdf30a4135967fd614e25547a27d40)] -> id: txtUsername]-null
after Change Value of:[[ChromeDriver: chrome on WINDOWS (ecfdf30a4135967fd614e25547a27d40)] -> id: txtUsername]-null
Before Find By:By.id: txtUsername
After Find By:By.id: txtUsername
Before change Value of:[[ChromeDriver: chrome on WINDOWS (ecfdf30a4135967fd614e25547a27d40)] -> id: txtUsername]-[Ljava.lang.CharSequence;@479460a6
after Change Value of:[[ChromeDriver: chrome on WINDOWS (ecfdf30a4135967fd614e25547a27d40)] -> id: txtUsername]-[Ljava.lang.CharSequence;@479460a6
Before Find By:By.name: txtPassword
After Find By:By.name: txtPassword
Before change Value of:[[ChromeDriver: chrome on WINDOWS (ecfdf30a4135967fd614e25547a27d40)] -> name: txtPassword]-null
after Change Value of:[[ChromeDriver: chrome on WINDOWS (ecfdf30a4135967fd614e25547a27d40)] -> name: txtPassword]-null
Before Find By:By.name: txtPassword
After Find By:By.name: txtPassword
Before change Value of:[[ChromeDriver: chrome on WINDOWS (ecfdf30a4135967fd614e25547a27d40)] -> name: txtPassword]-[Ljava.lang.CharSequence;@416c58f5
after Change Value of:[[ChromeDriver: chrome on WINDOWS (ecfdf30a4135967fd614e25547a27d40)] -> name: txtPassword]-[Ljava.lang.CharSequence;@416c58f5
Before Find By:By.xpath: //*[@value='LOGIN']
After Find By:By.xpath: //*[@value='LOGIN']
Before click:[[ChromeDriver: chrome on WINDOWS (ecfdf30a4135967fd614e25547a27d40)] -> xpath: //*[@value='LOGIN']]
After Click:[[ChromeDriver: chrome on WINDOWS (ecfdf30a4135967fd614e25547a27d40)] -> xpath: //*[@value='LOGIN']]
Before Find By:By.cssSelector: [id='spanMessage']
After Find By:By.cssSelector: [id='spanMessage']
onTestSuccess: Instance Name - testcases.LoginFeature
onTestSuccess: Instance Name - 1
]]></system-out>
    <system-err><![CDATA[Starting ChromeDriver 94.0.4606.61 (418b78f5838ed0b1c69bb4e51ea0252171854915-refs/branch-heads/4606@{#1204}) on port 43420
Only local connections are allowed.
Please see https://chromedriver.chromium.org/security-considerations for suggestions on keeping ChromeDriver safe.
ChromeDriver was started successfully.
Oct 10, 2021 3:50:43 PM org.openqa.selenium.remote.ProtocolHandshake createSession
INFO: Detected dialect: W3C
]]></system-err>
  </testcase>
  <testcase name="ForgotPassword_003" classname="testcases.LoginFeature" time="0.905">
    <system-out><![CDATA[URL:https://opensource-demo.orangehrmlive.com/
URL:https://opensource-demo.orangehrmlive.com/
onTestStart: Instance Name - testcases.LoginFeature
onTestStart: Instance Name - null
Before Find By:By.linkText: Forgot your password?
After Find By:By.linkText: Forgot your password?
Before click:[[ChromeDriver: chrome on WINDOWS (68c6c571226813ddd953707e2154d13e)] -> link text: Forgot your password?]
After Click:[[ChromeDriver: chrome on WINDOWS (68c6c571226813ddd953707e2154d13e)] -> link text: Forgot your password?]
Before Find By:By.cssSelector: [id='btnSearchValues']
After Find By:By.cssSelector: [id='btnSearchValues']
Before Find By:By.cssSelector: [id='btnSearchValues']
After Find By:By.cssSelector: [id='btnSearchValues']
Before Find By:By.className: cancel
After Find By:By.className: cancel
Before click:[[ChromeDriver: chrome on WINDOWS (68c6c571226813ddd953707e2154d13e)] -> class name: cancel]
After Click:[[ChromeDriver: chrome on WINDOWS (68c6c571226813ddd953707e2154d13e)] -> class name: cancel]
Before Find By:By.xpath: //*[@value='LOGIN']
After Find By:By.xpath: //*[@value='LOGIN']
onTestSuccess: Instance Name - testcases.LoginFeature
onTestSuccess: Instance Name - 1
]]></system-out>
    <system-err><![CDATA[Starting ChromeDriver 94.0.4606.61 (418b78f5838ed0b1c69bb4e51ea0252171854915-refs/branch-heads/4606@{#1204}) on port 29488
Only local connections are allowed.
Please see https://chromedriver.chromium.org/security-considerations for suggestions on keeping ChromeDriver safe.
ChromeDriver was started successfully.
Oct 10, 2021 3:50:47 PM org.openqa.selenium.remote.ProtocolHandshake createSession
INFO: Detected dialect: W3C
]]></system-err>
  </testcase>
  <testcase name="getDashboardQuickLaunchItems_004" classname="testcases.DahboardFeature" time="0.402">
    <system-out><![CDATA[URL:https://opensource-demo.orangehrmlive.com/
URL:https://opensource-demo.orangehrmlive.com/
Before Find By:By.id: txtUsername
After Find By:By.id: txtUsername
Before change Value of:[[ChromeDriver: chrome on WINDOWS (69e49ba2b6b5b347bfc17e7435eb9e99)] -> id: txtUsername]-null
after Change Value of:[[ChromeDriver: chrome on WINDOWS (69e49ba2b6b5b347bfc17e7435eb9e99)] -> id: txtUsername]-null
Before Find By:By.id: txtUsername
After Find By:By.id: txtUsername
Before change Value of:[[ChromeDriver: chrome on WINDOWS (69e49ba2b6b5b347bfc17e7435eb9e99)] -> id: txtUsername]-[Ljava.lang.CharSequence;@68fa0ba8
after Change Value of:[[ChromeDriver: chrome on WINDOWS (69e49ba2b6b5b347bfc17e7435eb9e99)] -> id: txtUsername]-[Ljava.lang.CharSequence;@68fa0ba8
Before Find By:By.name: txtPassword
After Find By:By.name: txtPassword
Before change Value of:[[ChromeDriver: chrome on WINDOWS (69e49ba2b6b5b347bfc17e7435eb9e99)] -> name: txtPassword]-null
after Change Value of:[[ChromeDriver: chrome on WINDOWS (69e49ba2b6b5b347bfc17e7435eb9e99)] -> name: txtPassword]-null
Before Find By:By.name: txtPassword
After Find By:By.name: txtPassword
Before change Value of:[[ChromeDriver: chrome on WINDOWS (69e49ba2b6b5b347bfc17e7435eb9e99)] -> name: txtPassword]-[Ljava.lang.CharSequence;@5a85c92
after Change Value of:[[ChromeDriver: chrome on WINDOWS (69e49ba2b6b5b347bfc17e7435eb9e99)] -> name: txtPassword]-[Ljava.lang.CharSequence;@5a85c92
Before Find By:By.xpath: //*[@value='LOGIN']
After Find By:By.xpath: //*[@value='LOGIN']
Before click:[[ChromeDriver: chrome on WINDOWS (69e49ba2b6b5b347bfc17e7435eb9e99)] -> xpath: //*[@value='LOGIN']]
After Click:[[ChromeDriver: chrome on WINDOWS (69e49ba2b6b5b347bfc17e7435eb9e99)] -> xpath: //*[@value='LOGIN']]
onTestStart: Instance Name - testcases.DahboardFeature
onTestStart: Instance Name - null
Before Find By:By.className: quickLinkText
After Find By:By.className: quickLinkText
Before Find By:By.className: quickLinkText
After Find By:By.className: quickLinkText
Before get text:[[ChromeDriver: chrome on WINDOWS (69e49ba2b6b5b347bfc17e7435eb9e99)] -> class name: quickLinkText]
After get text:[[ChromeDriver: chrome on WINDOWS (69e49ba2b6b5b347bfc17e7435eb9e99)] -> class name: quickLinkText]
Before get text:[[ChromeDriver: chrome on WINDOWS (69e49ba2b6b5b347bfc17e7435eb9e99)] -> class name: quickLinkText]
After get text:[[ChromeDriver: chrome on WINDOWS (69e49ba2b6b5b347bfc17e7435eb9e99)] -> class name: quickLinkText]
Before get text:[[ChromeDriver: chrome on WINDOWS (69e49ba2b6b5b347bfc17e7435eb9e99)] -> class name: quickLinkText]
After get text:[[ChromeDriver: chrome on WINDOWS (69e49ba2b6b5b347bfc17e7435eb9e99)] -> class name: quickLinkText]
Before get text:[[ChromeDriver: chrome on WINDOWS (69e49ba2b6b5b347bfc17e7435eb9e99)] -> class name: quickLinkText]
After get text:[[ChromeDriver: chrome on WINDOWS (69e49ba2b6b5b347bfc17e7435eb9e99)] -> class name: quickLinkText]
Before get text:[[ChromeDriver: chrome on WINDOWS (69e49ba2b6b5b347bfc17e7435eb9e99)] -> class name: quickLinkText]
After get text:[[ChromeDriver: chrome on WINDOWS (69e49ba2b6b5b347bfc17e7435eb9e99)] -> class name: quickLinkText]
Before get text:[[ChromeDriver: chrome on WINDOWS (69e49ba2b6b5b347bfc17e7435eb9e99)] -> class name: quickLinkText]
After get text:[[ChromeDriver: chrome on WINDOWS (69e49ba2b6b5b347bfc17e7435eb9e99)] -> class name: quickLinkText]
onTestSuccess: Instance Name - testcases.DahboardFeature
onTestSuccess: Instance Name - 1
]]></system-out>
    <system-err><![CDATA[Starting ChromeDriver 94.0.4606.61 (418b78f5838ed0b1c69bb4e51ea0252171854915-refs/branch-heads/4606@{#1204}) on port 7366
Only local connections are allowed.
Please see https://chromedriver.chromium.org/security-considerations for suggestions on keeping ChromeDriver safe.
ChromeDriver was started successfully.
Oct 10, 2021 3:50:50 PM org.openqa.selenium.remote.ProtocolHandshake createSession
INFO: Detected dialect: W3C
]]></system-err>
  </testcase>
  <testcase name="getDashboardQuickLaunchitemsCount_006" classname="testcases.DahboardFeature" time="0.533">
    <system-out><![CDATA[onTestStart: Instance Name - testcases.DahboardFeature
onTestStart: Instance Name - null
Before Find By:By.id: welcome
After Find By:By.id: welcome
Before Find By:By.id: welcome
After Find By:By.id: welcome
Before Find By:By.id: menu_dashboard_index
After Find By:By.id: menu_dashboard_index
Before click:[[ChromeDriver: chrome on WINDOWS (69e49ba2b6b5b347bfc17e7435eb9e99)] -> id: menu_dashboard_index]
After Click:[[ChromeDriver: chrome on WINDOWS (69e49ba2b6b5b347bfc17e7435eb9e99)] -> id: menu_dashboard_index]
Before Find By:By.className: quickLinkText
After Find By:By.className: quickLinkText
onTestSuccess: Instance Name - testcases.DahboardFeature
onTestSuccess: Instance Name - 1
]]></system-out>
  </testcase>
  <testcase name="getMyInfoSideMenuItems_005" classname="testcases.MyInfoFeature" time="0.866">
    <failure message="Lists differ at element [7]: Tax exemptions != Tax Exemptions expected [Tax exemptions] but found [Tax Exemptions]" type="java.lang.AssertionError"><![CDATA[java.lang.AssertionError: Lists differ at element [7]: Tax exemptions != Tax Exemptions expected [Tax exemptions] but found [Tax Exemptions]
	at testcases.MyInfoFeature.getMyInfoSideMenuItems_005(MyInfoFeature.java:56)
]]></failure>
    <system-out><![CDATA[URL:https://opensource-demo.orangehrmlive.com/
URL:https://opensource-demo.orangehrmlive.com/
Before Find By:By.id: txtUsername
After Find By:By.id: txtUsername
Before change Value of:[[ChromeDriver: chrome on WINDOWS (651caa1204511f01e16f016aa07f4026)] -> id: txtUsername]-null
after Change Value of:[[ChromeDriver: chrome on WINDOWS (651caa1204511f01e16f016aa07f4026)] -> id: txtUsername]-null
Before Find By:By.id: txtUsername
After Find By:By.id: txtUsername
Before change Value of:[[ChromeDriver: chrome on WINDOWS (651caa1204511f01e16f016aa07f4026)] -> id: txtUsername]-[Ljava.lang.CharSequence;@64df9a61
after Change Value of:[[ChromeDriver: chrome on WINDOWS (651caa1204511f01e16f016aa07f4026)] -> id: txtUsername]-[Ljava.lang.CharSequence;@64df9a61
Before Find By:By.name: txtPassword
After Find By:By.name: txtPassword
Before change Value of:[[ChromeDriver: chrome on WINDOWS (651caa1204511f01e16f016aa07f4026)] -> name: txtPassword]-null
after Change Value of:[[ChromeDriver: chrome on WINDOWS (651caa1204511f01e16f016aa07f4026)] -> name: txtPassword]-null
Before Find By:By.name: txtPassword
After Find By:By.name: txtPassword
Before change Value of:[[ChromeDriver: chrome on WINDOWS (651caa1204511f01e16f016aa07f4026)] -> name: txtPassword]-[Ljava.lang.CharSequence;@31e3250d
after Change Value of:[[ChromeDriver: chrome on WINDOWS (651caa1204511f01e16f016aa07f4026)] -> name: txtPassword]-[Ljava.lang.CharSequence;@31e3250d
Before Find By:By.xpath: //*[@value='LOGIN']
After Find By:By.xpath: //*[@value='LOGIN']
Before click:[[ChromeDriver: chrome on WINDOWS (651caa1204511f01e16f016aa07f4026)] -> xpath: //*[@value='LOGIN']]
After Click:[[ChromeDriver: chrome on WINDOWS (651caa1204511f01e16f016aa07f4026)] -> xpath: //*[@value='LOGIN']]
onTestStart: Instance Name - testcases.MyInfoFeature
onTestStart: Instance Name - null
Before Find By:By.id: menu_pim_viewMyDetails
After Find By:By.id: menu_pim_viewMyDetails
Before click:[[ChromeDriver: chrome on WINDOWS (651caa1204511f01e16f016aa07f4026)] -> id: menu_pim_viewMyDetails]
After Click:[[ChromeDriver: chrome on WINDOWS (651caa1204511f01e16f016aa07f4026)] -> id: menu_pim_viewMyDetails]
Before Find By:By.cssSelector: ul[id='sidenav'] a
After Find By:By.cssSelector: ul[id='sidenav'] a
Before Find By:By.cssSelector: ul[id='sidenav'] a
After Find By:By.cssSelector: ul[id='sidenav'] a
Before get text:[[ChromeDriver: chrome on WINDOWS (651caa1204511f01e16f016aa07f4026)] -> css selector: ul[id='sidenav'] a]
After get text:[[ChromeDriver: chrome on WINDOWS (651caa1204511f01e16f016aa07f4026)] -> css selector: ul[id='sidenav'] a]
Before get text:[[ChromeDriver: chrome on WINDOWS (651caa1204511f01e16f016aa07f4026)] -> css selector: ul[id='sidenav'] a]
After get text:[[ChromeDriver: chrome on WINDOWS (651caa1204511f01e16f016aa07f4026)] -> css selector: ul[id='sidenav'] a]
Before get text:[[ChromeDriver: chrome on WINDOWS (651caa1204511f01e16f016aa07f4026)] -> css selector: ul[id='sidenav'] a]
After get text:[[ChromeDriver: chrome on WINDOWS (651caa1204511f01e16f016aa07f4026)] -> css selector: ul[id='sidenav'] a]
Before get text:[[ChromeDriver: chrome on WINDOWS (651caa1204511f01e16f016aa07f4026)] -> css selector: ul[id='sidenav'] a]
After get text:[[ChromeDriver: chrome on WINDOWS (651caa1204511f01e16f016aa07f4026)] -> css selector: ul[id='sidenav'] a]
Before get text:[[ChromeDriver: chrome on WINDOWS (651caa1204511f01e16f016aa07f4026)] -> css selector: ul[id='sidenav'] a]
After get text:[[ChromeDriver: chrome on WINDOWS (651caa1204511f01e16f016aa07f4026)] -> css selector: ul[id='sidenav'] a]
Before get text:[[ChromeDriver: chrome on WINDOWS (651caa1204511f01e16f016aa07f4026)] -> css selector: ul[id='sidenav'] a]
After get text:[[ChromeDriver: chrome on WINDOWS (651caa1204511f01e16f016aa07f4026)] -> css selector: ul[id='sidenav'] a]
Before get text:[[ChromeDriver: chrome on WINDOWS (651caa1204511f01e16f016aa07f4026)] -> css selector: ul[id='sidenav'] a]
After get text:[[ChromeDriver: chrome on WINDOWS (651caa1204511f01e16f016aa07f4026)] -> css selector: ul[id='sidenav'] a]
Before get text:[[ChromeDriver: chrome on WINDOWS (651caa1204511f01e16f016aa07f4026)] -> css selector: ul[id='sidenav'] a]
After get text:[[ChromeDriver: chrome on WINDOWS (651caa1204511f01e16f016aa07f4026)] -> css selector: ul[id='sidenav'] a]
Before get text:[[ChromeDriver: chrome on WINDOWS (651caa1204511f01e16f016aa07f4026)] -> css selector: ul[id='sidenav'] a]
After get text:[[ChromeDriver: chrome on WINDOWS (651caa1204511f01e16f016aa07f4026)] -> css selector: ul[id='sidenav'] a]
Before get text:[[ChromeDriver: chrome on WINDOWS (651caa1204511f01e16f016aa07f4026)] -> css selector: ul[id='sidenav'] a]
After get text:[[ChromeDriver: chrome on WINDOWS (651caa1204511f01e16f016aa07f4026)] -> css selector: ul[id='sidenav'] a]
Before get text:[[ChromeDriver: chrome on WINDOWS (651caa1204511f01e16f016aa07f4026)] -> css selector: ul[id='sidenav'] a]
After get text:[[ChromeDriver: chrome on WINDOWS (651caa1204511f01e16f016aa07f4026)] -> css selector: ul[id='sidenav'] a]
onTestFailure: Instance Name - testcases.MyInfoFeature
onTestFailure: Instance Name - null
]]></system-out>
    <system-err><![CDATA[Starting ChromeDriver 94.0.4606.61 (418b78f5838ed0b1c69bb4e51ea0252171854915-refs/branch-heads/4606@{#1204}) on port 42965
Only local connections are allowed.
Please see https://chromedriver.chromium.org/security-considerations for suggestions on keeping ChromeDriver safe.
ChromeDriver was started successfully.
Oct 10, 2021 3:50:55 PM org.openqa.selenium.remote.ProtocolHandshake createSession
INFO: Detected dialect: W3C
]]></system-err>
  </testcase>
  <testcase name="getMyInfoSideMenuCount_007" classname="testcases.MyInfoFeature" time="0.843">
    <system-out><![CDATA[onTestStart: Instance Name - testcases.MyInfoFeature
onTestStart: Instance Name - null
Before Find By:By.id: welcome
After Find By:By.id: welcome
Before Find By:By.id: welcome
After Find By:By.id: welcome
Before Find By:By.id: menu_pim_viewMyDetails
After Find By:By.id: menu_pim_viewMyDetails
Before click:[[ChromeDriver: chrome on WINDOWS (651caa1204511f01e16f016aa07f4026)] -> id: menu_pim_viewMyDetails]
After Click:[[ChromeDriver: chrome on WINDOWS (651caa1204511f01e16f016aa07f4026)] -> id: menu_pim_viewMyDetails]
Before Find By:By.cssSelector: ul[id='sidenav'] a
After Find By:By.cssSelector: ul[id='sidenav'] a
Before Find By:By.cssSelector: ul[id='sidenav'] a
After Find By:By.cssSelector: ul[id='sidenav'] a
onTestSuccess: Instance Name - testcases.MyInfoFeature
onTestSuccess: Instance Name - 1
]]></system-out>
  </testcase>
</testsuite>